2024-07-23 11:50:26:5026 [31merror[39m: [31mThis is an error log[39m
2024-07-23 11:50:26:5026 [33mwarn[39m: [33mThis is a warn log[39m
2024-07-23 11:50:26:5026 [32minfo[39m: [32mThis is a info log[39m
2024-07-23 11:50:26:5026 [35mhttp[39m: [35mThis is a http log[39m
2024-07-23 11:50:26:5026 [37mdebug[39m: [37mThis is a debug log[39m
2024-07-23 11:51:08:518 [31merror[39m: [31mThis is an error log[39m
2024-07-23 11:51:08:518 [33mwarn[39m: [33mThis is a warn log[39m
2024-07-23 11:51:08:518 [32minfo[39m: [32mThis is a info log[39m
2024-07-23 11:51:08:518 [35mhttp[39m: [35mThis is a http log[39m
2024-07-23 11:51:08:518 [37mdebug[39m: [37mThis is a debug log[39m
2024-07-23 11:53:04:534 [31merror[39m: [31mThis is an error log[39m
2024-07-23 11:53:04:534 [33mwarn[39m: [33mThis is a warn log[39m
2024-07-23 11:53:04:534 [32minfo[39m: [32mThis is a info log[39m
2024-07-23 11:53:04:534 [35mhttp[39m: [35mThis is a http log[39m
2024-07-23 11:53:04:534 [37mdebug[39m: [37mThis is a debug log[39m
2024-07-23 11:53:04:534 [35mhttp[39m: [35mGET /logger 304 - - 5.747 ms[39m
[35m[39m
2024-07-23 11:56:18:5618 [31merror[39m: [31mThis is an error log[39m
2024-07-23 11:56:18:5618 [33mwarn[39m: [33mThis is a warn log[39m
2024-07-23 11:56:18:5618 [32minfo[39m: [32mThis is a info log[39m
2024-07-23 11:56:18:5618 [35mhttp[39m: [35mThis is a http log[39m
2024-07-23 11:56:18:5618 [37mdebug[39m: [37mThis is a debug log[39m
2024-07-23 11:56:18:5618 [35mhttp[39m: [35mGET /logger 304 - - 7.223 ms {}[39m
[35m[39m
2024-07-23 11:57:51:5751 [35mhttp[39m: [35mPOST / 200 7 - 2.235 ms {}[39m
[35m[39m
2024-07-23 11:58:14:5814 [35mhttp[39m: [35mPOST / 200 7 - 0.286 ms {"body":"hi"}[39m
[35m[39m
2024-07-23 14:36:37:3637 [31merror[39m: [31mThis is an error log[39m
2024-07-23 14:36:37:3637 [33mwarn[39m: [33mThis is a warn log[39m
2024-07-23 14:36:37:3637 [32minfo[39m: [32mThis is a info log[39m
2024-07-23 14:36:37:3637 [35mhttp[39m: [35mThis is a http log[39m
2024-07-23 14:36:37:3637 [37mdebug[39m: [37mThis is a debug log[39m
2024-07-23 14:36:39:3639 [31merror[39m: [31mThis is an error log[39m
2024-07-23 14:36:39:3639 [33mwarn[39m: [33mThis is a warn log[39m
2024-07-23 14:36:39:3639 [32minfo[39m: [32mThis is a info log[39m
2024-07-23 14:36:39:3639 [35mhttp[39m: [35mThis is a http log[39m
2024-07-23 14:36:39:3639 [37mdebug[39m: [37mThis is a debug log[39m
2024-07-23 14:43:04:434 [35mhttp[39m: [35mGET /api-docs/ 304 - - 2.322 ms {}[39m
[35m[39m
2024-07-23 14:43:04:434 [35mhttp[39m: [35mGET /api-docs/swagger-ui.css 304 - - 1.285 ms {}[39m
[35m[39m
2024-07-23 14:43:04:434 [35mhttp[39m: [35mGET /api-docs/swagger-ui-init.js 304 - - 0.489 ms {}[39m
[35m[39m
2024-07-23 14:43:04:434 [35mhttp[39m: [35mGET /api-docs/swagger-ui-bundle.js 304 - - 2.726 ms {}[39m
[35m[39m
2024-07-23 14:43:04:434 [35mhttp[39m: [35mGET /api-docs/swagger-ui-standalone-preset.js 304 - - 2.876 ms {}[39m
[35m[39m
2024-07-23 14:43:05:435 [35mhttp[39m: [35mGET /api-docs/favicon-32x32.png 304 - - 0.531 ms {}[39m
[35m[39m
2024-07-23 14:43:11:4311 [35mhttp[39m: [35mGET / 200 11 - 1.596 ms {}[39m
[35m[39m
2024-07-23 14:43:12:4312 [35mhttp[39m: [35mGET / 304 - - 1.250 ms {}[39m
[35m[39m
2024-07-23 14:43:28:4328 [35mhttp[39m: [35mGET /api-docs/ 304 - - 2.232 ms {}[39m
[35m[39m
2024-07-23 14:43:28:4328 [35mhttp[39m: [35mGET /api-docs/swagger-ui.css 304 - - 1.289 ms {}[39m
[35m[39m
2024-07-23 14:43:28:4328 [35mhttp[39m: [35mGET /api-docs/swagger-ui-init.js 200 2701 - 0.621 ms {}[39m
[35m[39m
2024-07-23 14:43:28:4328 [35mhttp[39m: [35mGET /api-docs/swagger-ui-bundle.js 304 - - 3.027 ms {}[39m
[35m[39m
2024-07-23 14:43:28:4328 [35mhttp[39m: [35mGET /api-docs/swagger-ui-standalone-preset.js 304 - - 4.300 ms {}[39m
[35m[39m
2024-07-23 14:43:28:4328 [35mhttp[39m: [35mGET /api-docs/favicon-32x32.png 304 - - 0.648 ms {}[39m
[35m[39m
2024-07-23 14:46:34:4634 [31merror[39m: [31mThis is an error log[39m
2024-07-23 14:46:34:4634 [33mwarn[39m: [33mThis is a warn log[39m
2024-07-23 14:46:34:4634 [32minfo[39m: [32mThis is a info log[39m
2024-07-23 14:46:34:4634 [35mhttp[39m: [35mThis is a http log[39m
2024-07-23 14:46:34:4634 [37mdebug[39m: [37mThis is a debug log[39m
2024-07-23 14:46:34:4634 [35mhttp[39m: [35mGET /logger 304 - - 7.851 ms {}[39m
[35m[39m
2024-07-23 14:46:35:4635 [31merror[39m: [31mThis is an error log[39m
2024-07-23 14:46:35:4635 [33mwarn[39m: [33mThis is a warn log[39m
2024-07-23 14:46:35:4635 [32minfo[39m: [32mThis is a info log[39m
2024-07-23 14:46:35:4635 [35mhttp[39m: [35mThis is a http log[39m
2024-07-23 14:46:35:4635 [37mdebug[39m: [37mThis is a debug log[39m
2024-07-23 14:46:35:4635 [35mhttp[39m: [35mGET /logger 304 - - 2.189 ms {}[39m
[35m[39m
2024-07-23 14:46:45:4645 [35mhttp[39m: [35mGET /ping 304 - - 1.817 ms {}[39m
[35m[39m
2024-07-23 14:55:24:5524 [35mhttp[39m: [35mGET /api-docs/ 304 - - 5.127 ms {}[39m
[35m[39m
2024-07-23 14:55:24:5524 [35mhttp[39m: [35mGET /api-docs/swagger-ui.css 304 - - 1.792 ms {}[39m
[35m[39m
2024-07-23 14:55:24:5524 [35mhttp[39m: [35mGET /api-docs/swagger-ui-init.js 200 2703 - 4.038 ms {}[39m
[35m[39m
2024-07-23 14:55:24:5524 [35mhttp[39m: [35mGET /api-docs/swagger-ui-bundle.js 304 - - 5.774 ms {}[39m
[35m[39m
2024-07-23 14:55:24:5524 [35mhttp[39m: [35mGET /api-docs/swagger-ui-standalone-preset.js 304 - - 6.240 ms {}[39m
[35m[39m
2024-07-23 14:55:24:5524 [35mhttp[39m: [35mGET /api-docs/favicon-32x32.png 304 - - 0.549 ms {}[39m
[35m[39m
2024-07-23 14:55:32:5532 [35mhttp[39m: [35mGET /api/5 200 31 - 1.468 ms {}[39m
[35m[39m
2024-07-23 14:56:39:5639 [35mhttp[39m: [35mGET /api-docs/ 304 - - 3.552 ms {}[39m
[35m[39m
2024-07-23 14:56:39:5639 [35mhttp[39m: [35mGET /api-docs/swagger-ui.css 304 - - 1.140 ms {}[39m
[35m[39m
2024-07-23 14:56:39:5639 [35mhttp[39m: [35mGET /api-docs/swagger-ui-bundle.js 304 - - 1.127 ms {}[39m
[35m[39m
2024-07-23 14:56:39:5639 [35mhttp[39m: [35mGET /api-docs/swagger-ui-standalone-preset.js 304 - - 1.731 ms {}[39m
[35m[39m
2024-07-23 14:56:39:5639 [35mhttp[39m: [35mGET /api-docs/swagger-ui-init.js 304 - - 2.268 ms {}[39m
[35m[39m
2024-07-23 14:56:39:5639 [35mhttp[39m: [35mGET /api-docs/favicon-32x32.png 304 - - 1.166 ms {}[39m
[35m[39m
2024-07-23 14:57:13:5713 [35mhttp[39m: [35mGET /api-docs/ 304 - - 2.314 ms {}[39m
[35m[39m
2024-07-23 14:57:13:5713 [35mhttp[39m: [35mGET /api-docs/swagger-ui.css 304 - - 0.987 ms {}[39m
[35m[39m
2024-07-23 14:57:13:5713 [35mhttp[39m: [35mGET /api-docs/swagger-ui-init.js 304 - - 0.735 ms {}[39m
[35m[39m
2024-07-23 14:57:13:5713 [35mhttp[39m: [35mGET /api-docs/swagger-ui-bundle.js 304 - - 1.883 ms {}[39m
[35m[39m
2024-07-23 14:57:13:5713 [35mhttp[39m: [35mGET /api-docs/swagger-ui-standalone-preset.js 304 - - 1.418 ms {}[39m
[35m[39m
2024-07-23 14:57:13:5713 [35mhttp[39m: [35mGET /api-docs/favicon-32x32.png 304 - - 0.418 ms {}[39m
[35m[39m
2024-07-23 15:01:48:148 [35mhttp[39m: [35mGET /api-docs/ 304 - - 3.677 ms {}[39m
[35m[39m
2024-07-23 15:01:48:148 [35mhttp[39m: [35mGET /api-docs/swagger-ui.css 304 - - 1.638 ms {}[39m
[35m[39m
2024-07-23 15:01:48:148 [35mhttp[39m: [35mGET /api-docs/swagger-ui-init.js 304 - - 4.451 ms {}[39m
[35m[39m
2024-07-23 15:01:48:148 [35mhttp[39m: [35mGET /api-docs/swagger-ui-standalone-preset.js 304 - - 7.071 ms {}[39m
[35m[39m
2024-07-23 15:01:48:148 [35mhttp[39m: [35mGET /api-docs/swagger-ui-bundle.js 304 - - 8.774 ms {}[39m
[35m[39m
2024-07-23 15:01:48:148 [35mhttp[39m: [35mGET /api-docs/favicon-32x32.png 304 - - 0.670 ms {}[39m
[35m[39m
2024-07-23 15:02:20:220 [35mhttp[39m: [35mGET /api-docs/ 304 - - 2.824 ms {}[39m
[35m[39m
2024-07-23 15:02:20:220 [35mhttp[39m: [35mGET /api-docs/swagger-ui.css 304 - - 0.862 ms {}[39m
[35m[39m
2024-07-23 15:02:20:220 [35mhttp[39m: [35mGET /api-docs/swagger-ui-init.js 304 - - 1.015 ms {}[39m
[35m[39m
2024-07-23 15:02:20:220 [35mhttp[39m: [35mGET /api-docs/swagger-ui-bundle.js 304 - - 3.660 ms {}[39m
[35m[39m
2024-07-23 15:02:20:220 [35mhttp[39m: [35mGET /api-docs/swagger-ui-standalone-preset.js 304 - - 3.952 ms {}[39m
[35m[39m
2024-07-23 15:02:20:220 [35mhttp[39m: [35mGET /api-docs/favicon-32x32.png 304 - - 2.364 ms {}[39m
[35m[39m
2024-07-23 15:27:25:2725 [35mhttp[39m: [35mPOST /api/submit-content 200 31 - 3.483 ms {}[39m
[35m[39m
2024-07-23 15:27:26:2726 [35mhttp[39m: [35mPOST /api/submit-content 200 31 - 0.454 ms {}[39m
[35m[39m
2024-07-23 15:48:37:4837 [35mhttp[39m: [35mPOST /api/submit-content 400 44 - 2.178 ms {"userId":"4325232","content":"fdsgfdbsjgbsjh","about":"dwaf"}[39m
[35m[39m
2024-07-23 15:48:47:4847 [35mhttp[39m: [35mPOST /api/submit-content 400 44 - 1.108 ms {"userId":"4325232","content":"fdsgfdbsjgbsjh","about":"dwaf"}[39m
[35m[39m
2024-07-23 15:49:48:4948 [35mhttp[39m: [35mPOST /api/submit-content 400 44 - 2.467 ms {"userId":"4325232","content":"fdsgfdbsjgbsjh","about":"dwaf"}[39m
[35m[39m
2024-07-23 15:50:12:5012 [35mhttp[39m: [35mPOST /api/submit-content 200 31 - 2.145 ms {"userId":"4325232","content":"fdsgfdbsjgbsjh","about":"dwaf"}[39m
[35m[39m
